  Source.cpp
F:\Uni\Uni\2020-SGI\pract1\utilidades.h(29,44): warning C4305: 'inicializando': truncamiento de 'double' a 'const GLfloat'
F:\Uni\Uni\2020-SGI\pract1\utilidades.h(30,45): warning C4305: 'inicializando': truncamiento de 'double' a 'const GLfloat'
F:\Uni\Uni\2020-SGI\pract1\utilidades.h(35,57): warning C4305: 'inicializando': truncamiento de 'double' a 'const GLfloat'
F:\Uni\Uni\2020-SGI\pract1\utilidades.h(36,57): warning C4305: 'inicializando': truncamiento de 'double' a 'const GLfloat'
F:\Uni\Uni\2020-SGI\pract1\utilidades.h(38,54): warning C4305: 'inicializando': truncamiento de 'double' a 'const GLfloat'
F:\Uni\Uni\2020-SGI\pract1\utilidades.h(252,37): warning C4305: 'argumento': truncamiento de 'double' a 'GLfloat'
F:\Uni\Uni\2020-SGI\Practicas\Pract5\Source.cpp(13,27): warning C4244: 'inicializando': conversión de 'int' a 'float'; posible pérdida de datos
F:\Uni\Uni\2020-SGI\Practicas\Pract5\Source.cpp(13,65): warning C4244: 'inicializando': conversión de 'int' a 'float'; posible pérdida de datos
F:\Uni\Uni\2020-SGI\Practicas\Pract5\Source.cpp(13,108): warning C4244: 'inicializando': conversión de 'int' a 'float'; posible pérdida de datos
F:\Uni\Uni\2020-SGI\Practicas\Pract5\Source.cpp(13,149): warning C4305: 'inicializando': truncamiento de 'double' a 'float'
F:\Uni\Uni\2020-SGI\Practicas\Pract5\Source.cpp(13,162): warning C4305: 'inicializando': truncamiento de 'double' a 'float'
F:\Uni\Uni\2020-SGI\Practicas\Pract5\Source.cpp(13,176): warning C4305: 'inicializando': truncamiento de 'double' a 'float'
F:\Uni\Uni\2020-SGI\Practicas\Pract5\Source.cpp(48,23): warning C4305: 'argumento': truncamiento de 'double' a 'GLfloat'
F:\Uni\Uni\2020-SGI\Practicas\Pract5\Source.cpp(67,23): warning C4305: 'argumento': truncamiento de 'double' a 'GLfloat'
F:\Uni\Uni\2020-SGI\Practicas\Pract5\Source.cpp(68,25): warning C4305: 'argumento': truncamiento de 'double' a 'GLfloat'
F:\Uni\Uni\2020-SGI\Practicas\Pract5\Source.cpp(77,24): warning C4305: 'argumento': truncamiento de 'double' a 'GLfloat'
F:\Uni\Uni\2020-SGI\Practicas\Pract5\Source.cpp(90,17): warning C4244: 'inicializando': conversión de 'double' a 'float'; posible pérdida de datos
F:\Uni\Uni\2020-SGI\Practicas\Pract5\Source.cpp(91,20): warning C4244: 'inicializando': conversión de 'double' a 'float'; posible pérdida de datos
F:\Uni\Uni\2020-SGI\Practicas\Pract5\Source.cpp(95,34): warning C4326: el tipo de valor devuelto de 'main' debe ser 'int' en lugar de 'void'
  Generando código
  3 of 28 functions (10.7%) were compiled, the rest were copied from previous compilation.
    0 functions were new in current compilation
    0 functions had inline decision re-evaluated but remain unchanged
  Generación de código finalizada
  Pract5.vcxproj -> F:\Uni\Uni\2020-SGI\Practicas\Pract5\Pract5.exe
