  1   1 300 69.317
  1   2 300 72.000
  1   5 300 69.550
  1  10 300 67.617
  1  20 300 66.050
  1  30 300 65.700
  2   1 300 69.233
  2   2 300 57.383
  2   5 300 52.200
  2  10 300 45.017
  2  20 300 41.317
  2  30 300 45.517
  5   1 300 69.450
  5   2 300 53.550
  5   5 300 32.800
  5  10 300 23.583
  5  20 300 16.750
  5  30 300 14.833
 10   1 300 80.783
 10   2 300 67.333
 10   5 300 27.767
 10  10 300 14.100
 10  20 300 11.150
 10  30 300  9.083
 20   1 300 69.533
 20   2 300 63.050
 20   5 300 25.183
 20  10 300 10.333
 20  20 300  6.817
 20  30 300  7.183
 30   1 300 69.800
 30   2 300 52.900
 30   5 300 24.367
 30  10 300  9.067
 30  20 300  5.317
 30  30 300  5.850
 40   1 300 84.383
 40   2 300 53.150
 40   5 300 24.100
 40  10 300  8.433
 40  20 300  5.400
 40  30 300  5.417
 50   1 300 84.733
 50   2 300 53.183
 50   5 300 89.617
 50  10 300  8.200
 50  20 300  5.050
 50  30 300  5.317
