
nHiddens D  epochs dv-err
------- ----- ------ ------
TRAINLM, Epoch 0/300, MSE 0.323112/0, Gradient 8630.35/1e-10
TRAINLM, Epoch 10/300, MSE 0.0199112/0, Gradient 722.601/1e-10
TRAINLM, Epoch 20/300, MSE 0.016631/0, Gradient 132.55/1e-10
TRAINLM, Epoch 30/300, MSE 0.0158647/0, Gradient 78.661/1e-10
TRAINLM, Epoch 40/300, MSE 0.0156057/0, Gradient 41.2691/1e-10
TRAINLM, Epoch 50/300, MSE 0.0155357/0, Gradient 30.3193/1e-10
TRAINLM, Epoch 60/300, MSE 0.0154722/0, Gradient 68.0059/1e-10
TRAINLM, Epoch 70/300, MSE 0.0153953/0, Gradient 49.2702/1e-10
TRAINLM, Epoch 80/300, MSE 0.0152378/0, Gradient 52.4627/1e-10
TRAINLM, Epoch 88/300, MSE 0.0151595/0, Gradient 67.2397/1e-10
TRAINLM, Validation stop.

 10  20 300  9.967
TRAINLM, Epoch 0/300, MSE 0.346335/0, Gradient 9170.67/1e-10
TRAINLM, Epoch 10/300, MSE 0.0292756/0, Gradient 1967.01/1e-10
TRAINLM, Epoch 20/300, MSE 0.0109332/0, Gradient 436.851/1e-10
TRAINLM, Epoch 30/300, MSE 0.00978116/0, Gradient 232.732/1e-10
TRAINLM, Epoch 34/300, MSE 0.00966022/0, Gradient 535.328/1e-10
TRAINLM, Validation stop.

 20  20 300  6.817
TRAINLM, Epoch 0/300, MSE 0.344122/0, Gradient 9036.19/1e-10
TRAINLM, Epoch 10/300, MSE 0.0130191/0, Gradient 1194.3/1e-10
TRAINLM, Epoch 20/300, MSE 0.00805544/0, Gradient 580.673/1e-10
TRAINLM, Epoch 30/300, MSE 0.00712938/0, Gradient 263.59/1e-10
TRAINLM, Epoch 34/300, MSE 0.00697915/0, Gradient 617.535/1e-10
TRAINLM, Validation stop.

 30  20 300  5.317
