
nHiddens D  epochs dv-err
------- ----- ------ ------
TRAINLM, Epoch 0/300, MSE 0.213421/0, Gradient 6769.23/1e-10
TRAINLM, Epoch 10/300, MSE 0.0779844/0, Gradient 241.988/1e-10
TRAINLM, Epoch 20/300, MSE 0.0776248/0, Gradient 167.604/1e-10
TRAINLM, Epoch 30/300, MSE 0.0774389/0, Gradient 130.013/1e-10
TRAINLM, Epoch 40/300, MSE 0.0774249/0, Gradient 98.9992/1e-10
TRAINLM, Epoch 50/300, MSE 0.0774201/0, Gradient 66.4849/1e-10
TRAINLM, Epoch 60/300, MSE 0.0774178/0, Gradient 43.0207/1e-10
TRAINLM, Epoch 70/300, MSE 0.0774166/0, Gradient 28.4831/1e-10
TRAINLM, Epoch 80/300, MSE 0.0774158/0, Gradient 23.2386/1e-10
TRAINLM, Epoch 90/300, MSE 0.0774153/0, Gradient 25.5145/1e-10
TRAINLM, Epoch 100/300, MSE 0.077415/0, Gradient 30.7545/1e-10
TRAINLM, Epoch 110/300, MSE 0.0774149/0, Gradient 36.3119/1e-10
TRAINLM, Epoch 120/300, MSE 0.0774148/0, Gradient 41.3516/1e-10
TRAINLM, Epoch 130/300, MSE 0.0774148/0, Gradient 15.3212/1e-10
TRAINLM, Maximum MU reached, performance goal was not met.

  1   1 300 69.317
TRAINLM, Epoch 0/300, MSE 0.232072/0, Gradient 7542.85/1e-10
TRAINLM, Epoch 10/300, MSE 0.0813555/0, Gradient 214.449/1e-10
TRAINLM, Epoch 20/300, MSE 0.0809675/0, Gradient 28.2119/1e-10
TRAINLM, Epoch 30/300, MSE 0.0809131/0, Gradient 22.9209/1e-10
TRAINLM, Epoch 40/300, MSE 0.080888/0, Gradient 17.8156/1e-10
TRAINLM, Epoch 50/300, MSE 0.0808748/0, Gradient 14.2538/1e-10
TRAINLM, Epoch 60/300, MSE 0.080867/0, Gradient 11.7613/1e-10
TRAINLM, Epoch 70/300, MSE 0.0808621/0, Gradient 9.98077/1e-10
TRAINLM, Epoch 80/300, MSE 0.0808589/0, Gradient 8.67538/1e-10
TRAINLM, Epoch 90/300, MSE 0.0808568/0, Gradient 7.69424/1e-10
TRAINLM, Epoch 100/300, MSE 0.0808554/0, Gradient 6.94029/1e-10
TRAINLM, Epoch 110/300, MSE 0.0808546/0, Gradient 6.34941/1e-10
TRAINLM, Epoch 120/300, MSE 0.0808541/0, Gradient 5.87784/1e-10
TRAINLM, Epoch 130/300, MSE 0.080854/0, Gradient 5.49485/1e-10
TRAINLM, Epoch 136/300, MSE 0.0808539/0, Gradient 1.16568/1e-10
TRAINLM, Validation stop.

  1   2 300 72.000
TRAINLM, Epoch 0/300, MSE 0.282741/0, Gradient 8916.97/1e-10
TRAINLM, Epoch 10/300, MSE 0.0807734/0, Gradient 146.946/1e-10
TRAINLM, Epoch 20/300, MSE 0.0799162/0, Gradient 82.3962/1e-10
TRAINLM, Epoch 30/300, MSE 0.0798067/0, Gradient 48.1858/1e-10
TRAINLM, Epoch 40/300, MSE 0.0797724/0, Gradient 36.0522/1e-10
TRAINLM, Epoch 50/300, MSE 0.0797587/0, Gradient 29.9807/1e-10
TRAINLM, Epoch 60/300, MSE 0.0797531/0, Gradient 26.1928/1e-10
TRAINLM, Epoch 70/300, MSE 0.0797511/0, Gradient 23.4472/1e-10
TRAINLM, Epoch 80/300, MSE 0.0797506/0, Gradient 21.2695/1e-10
TRAINLM, Epoch 90/300, MSE 0.0797504/0, Gradient 3.04406/1e-10
TRAINLM, Maximum MU reached, performance goal was not met.

  1   5 300 69.550
TRAINLM, Epoch 0/300, MSE 0.23868/0, Gradient 7346.42/1e-10
TRAINLM, Epoch 10/300, MSE 0.0806866/0, Gradient 495.725/1e-10
TRAINLM, Epoch 20/300, MSE 0.0790623/0, Gradient 108.345/1e-10
TRAINLM, Epoch 30/300, MSE 0.0788552/0, Gradient 71.8492/1e-10
TRAINLM, Epoch 40/300, MSE 0.0788068/0, Gradient 53.7577/1e-10
TRAINLM, Epoch 50/300, MSE 0.0787869/0, Gradient 43.1114/1e-10
TRAINLM, Epoch 60/300, MSE 0.0787776/0, Gradient 36.4096/1e-10
TRAINLM, Epoch 70/300, MSE 0.0787736/0, Gradient 31.8926/1e-10
TRAINLM, Epoch 80/300, MSE 0.0787725/0, Gradient 28.6265/1e-10
TRAINLM, Epoch 90/300, MSE 0.0787723/0, Gradient 2.81128/1e-10
TRAINLM, Epoch 100/300, MSE 0.0787723/0, Gradient 2.79659/1e-10
TRAINLM, Epoch 103/300, MSE 0.0787723/0, Gradient 2.79616/1e-10
TRAINLM, Maximum MU reached, performance goal was not met.

  1  10 300 67.617
TRAINLM, Epoch 0/300, MSE 0.29417/0, Gradient 7864.63/1e-10
TRAINLM, Epoch 10/300, MSE 0.0813821/0, Gradient 446.708/1e-10
TRAINLM, Epoch 20/300, MSE 0.0796297/0, Gradient 192.919/1e-10
TRAINLM, Epoch 30/300, MSE 0.0792638/0, Gradient 100.056/1e-10
TRAINLM, Epoch 40/300, MSE 0.0788734/0, Gradient 349.379/1e-10
TRAINLM, Epoch 50/300, MSE 0.0787403/0, Gradient 31.9083/1e-10
TRAINLM, Epoch 57/300, MSE 0.0787325/0, Gradient 26.2932/1e-10
TRAINLM, Validation stop.

  1  20 300 66.050
TRAINLM, Epoch 0/300, MSE 0.344031/0, Gradient 8343.96/1e-10
TRAINLM, Epoch 10/300, MSE 0.0819439/0, Gradient 550.927/1e-10
TRAINLM, Epoch 20/300, MSE 0.0795842/0, Gradient 286.158/1e-10
TRAINLM, Epoch 30/300, MSE 0.0781554/0, Gradient 816.129/1e-10
TRAINLM, Epoch 40/300, MSE 0.0779222/0, Gradient 152.856/1e-10
TRAINLM, Epoch 50/300, MSE 0.0778558/0, Gradient 217.795/1e-10
TRAINLM, Epoch 60/300, MSE 0.0778431/0, Gradient 18.7521/1e-10
TRAINLM, Epoch 65/300, MSE 0.077843/0, Gradient 0.859132/1e-10
TRAINLM, Validation stop.

  1  30 300 65.700
TRAINLM, Epoch 0/300, MSE 0.248123/0, Gradient 7854.87/1e-10
TRAINLM, Epoch 10/300, MSE 0.0762093/0, Gradient 205.975/1e-10
TRAINLM, Epoch 20/300, MSE 0.0759661/0, Gradient 150.893/1e-10
TRAINLM, Epoch 30/300, MSE 0.0758666/0, Gradient 100.918/1e-10
TRAINLM, Epoch 40/300, MSE 0.0758201/0, Gradient 71.5643/1e-10
TRAINLM, Epoch 50/300, MSE 0.0757975/0, Gradient 54.8522/1e-10
TRAINLM, Epoch 60/300, MSE 0.0757855/0, Gradient 44.9195/1e-10
TRAINLM, Epoch 70/300, MSE 0.0757784/0, Gradient 38.7233/1e-10
TRAINLM, Epoch 80/300, MSE 0.0757736/0, Gradient 34.6242/1e-10
TRAINLM, Epoch 90/300, MSE 0.0757702/0, Gradient 31.7314/1e-10
TRAINLM, Epoch 100/300, MSE 0.0757674/0, Gradient 29.5625/1e-10
TRAINLM, Epoch 110/300, MSE 0.0757652/0, Gradient 27.8527/1e-10
TRAINLM, Epoch 120/300, MSE 0.0757633/0, Gradient 26.4509/1e-10
TRAINLM, Epoch 130/300, MSE 0.0757616/0, Gradient 25.2666/1e-10
TRAINLM, Epoch 140/300, MSE 0.0757601/0, Gradient 24.2429/1e-10
TRAINLM, Epoch 150/300, MSE 0.0757587/0, Gradient 23.3416/1e-10
TRAINLM, Epoch 160/300, MSE 0.0757575/0, Gradient 22.5366/1e-10
TRAINLM, Epoch 170/300, MSE 0.0757564/0, Gradient 21.8088/1e-10
TRAINLM, Epoch 180/300, MSE 0.0757553/0, Gradient 21.1442/1e-10
TRAINLM, Epoch 190/300, MSE 0.0757543/0, Gradient 20.5321/1e-10
TRAINLM, Epoch 200/300, MSE 0.0757534/0, Gradient 19.9643/1e-10
TRAINLM, Epoch 210/300, MSE 0.0757525/0, Gradient 19.4342/1e-10
TRAINLM, Epoch 220/300, MSE 0.0757516/0, Gradient 18.9365/1e-10
TRAINLM, Epoch 230/300, MSE 0.0757508/0, Gradient 18.4669/1e-10
TRAINLM, Epoch 240/300, MSE 0.0757501/0, Gradient 18.0219/1e-10
TRAINLM, Epoch 250/300, MSE 0.0757493/0, Gradient 17.5989/1e-10
TRAINLM, Epoch 260/300, MSE 0.0757486/0, Gradient 17.1953/1e-10
TRAINLM, Epoch 270/300, MSE 0.0757479/0, Gradient 16.8096/1e-10
TRAINLM, Epoch 280/300, MSE 0.0757473/0, Gradient 16.4404/1e-10
TRAINLM, Epoch 290/300, MSE 0.0757466/0, Gradient 16.0867/1e-10
TRAINLM, Epoch 300/300, MSE 0.075746/0, Gradient 15.7483/1e-10
TRAINLM, Maximum epoch reached, performance goal was not met.

  2   1 300 69.233
TRAINLM, Epoch 0/300, MSE 0.233716/0, Gradient 7879.76/1e-10
TRAINLM, Epoch 10/300, MSE 0.0781646/0, Gradient 5614.72/1e-10
TRAINLM, Epoch 20/300, MSE 0.0693122/0, Gradient 388.739/1e-10
TRAINLM, Epoch 30/300, MSE 0.0688673/0, Gradient 127.064/1e-10
TRAINLM, Epoch 40/300, MSE 0.0687831/0, Gradient 62.8866/1e-10
TRAINLM, Epoch 50/300, MSE 0.0687432/0, Gradient 38.189/1e-10
TRAINLM, Epoch 60/300, MSE 0.0687162/0, Gradient 28.2164/1e-10
TRAINLM, Epoch 70/300, MSE 0.0686952/0, Gradient 22.7884/1e-10
TRAINLM, Epoch 80/300, MSE 0.0686773/0, Gradient 19.3307/1e-10
TRAINLM, Epoch 90/300, MSE 0.0686611/0, Gradient 17.0195/1e-10
TRAINLM, Epoch 100/300, MSE 0.0686456/0, Gradient 15.6078/1e-10
TRAINLM, Epoch 110/300, MSE 0.0686304/0, Gradient 15.1731/1e-10
TRAINLM, Epoch 120/300, MSE 0.0686148/0, Gradient 16.0201/1e-10
TRAINLM, Epoch 130/300, MSE 0.0685986/0, Gradient 18.4608/1e-10
TRAINLM, Epoch 140/300, MSE 0.0685817/0, Gradient 22.4116/1e-10
TRAINLM, Epoch 150/300, MSE 0.0685648/0, Gradient 26.9736/1e-10
TRAINLM, Epoch 160/300, MSE 0.0685492/0, Gradient 30.2735/1e-10
TRAINLM, Epoch 170/300, MSE 0.0685366/0, Gradient 30.1539/1e-10
TRAINLM, Epoch 180/300, MSE 0.0685277/0, Gradient 26.088/1e-10
TRAINLM, Epoch 190/300, MSE 0.0685221/0, Gradient 20.0478/1e-10
TRAINLM, Epoch 199/300, MSE 0.0685192/0, Gradient 14.8539/1e-10
TRAINLM, Validation stop.

  2   2 300 57.383
TRAINLM, Epoch 0/300, MSE 0.324252/0, Gradient 8499.86/1e-10
TRAINLM, Epoch 10/300, MSE 0.0725358/0, Gradient 1017.47/1e-10
TRAINLM, Epoch 20/300, MSE 0.0690305/0, Gradient 426.901/1e-10
TRAINLM, Epoch 30/300, MSE 0.0686851/0, Gradient 11.4931/1e-10
TRAINLM, Epoch 40/300, MSE 0.0686848/0, Gradient 8.08595/1e-10
TRAINLM, Epoch 50/300, MSE 0.0686848/0, Gradient 7.93975/1e-10
TRAINLM, Epoch 60/300, MSE 0.0686848/0, Gradient 7.90859/1e-10
TRAINLM, Epoch 70/300, MSE 0.0686848/0, Gradient 7.90571/1e-10
TRAINLM, Epoch 80/300, MSE 0.0686848/0, Gradient 7.90517/1e-10
TRAINLM, Epoch 90/300, MSE 0.0686848/0, Gradient 7.90494/1e-10
TRAINLM, Epoch 93/300, MSE 0.0686848/0, Gradient 7.90494/1e-10
TRAINLM, Maximum MU reached, performance goal was not met.

  2   5 300 52.200
TRAINLM, Epoch 0/300, MSE 0.3428/0, Gradient 9021.11/1e-10
TRAINLM, Epoch 10/300, MSE 0.0731575/0, Gradient 1034.45/1e-10
TRAINLM, Epoch 20/300, MSE 0.0687455/0, Gradient 1413.69/1e-10
TRAINLM, Epoch 30/300, MSE 0.0653939/0, Gradient 1050.81/1e-10
TRAINLM, Epoch 40/300, MSE 0.0642823/0, Gradient 170.469/1e-10
TRAINLM, Epoch 50/300, MSE 0.0642051/0, Gradient 81.7128/1e-10
TRAINLM, Epoch 60/300, MSE 0.0641791/0, Gradient 49.5275/1e-10
TRAINLM, Epoch 70/300, MSE 0.0641656/0, Gradient 44.576/1e-10
TRAINLM, Epoch 80/300, MSE 0.0641566/0, Gradient 31.516/1e-10
TRAINLM, Epoch 90/300, MSE 0.0641507/0, Gradient 28.9839/1e-10
TRAINLM, Epoch 100/300, MSE 0.0641463/0, Gradient 23.5788/1e-10
TRAINLM, Epoch 110/300, MSE 0.0641433/0, Gradient 20.1005/1e-10
TRAINLM, Epoch 120/300, MSE 0.0641413/0, Gradient 17.9735/1e-10
TRAINLM, Epoch 130/300, MSE 0.0641401/0, Gradient 16.5633/1e-10
TRAINLM, Epoch 140/300, MSE 0.0641398/0, Gradient 0.34026/1e-10
TRAINLM, Epoch 150/300, MSE 0.0641398/0, Gradient 0.260243/1e-10
TRAINLM, Epoch 160/300, MSE 0.0641398/0, Gradient 0.253657/1e-10
TRAINLM, Epoch 170/300, MSE 0.0641398/0, Gradient 0.250285/1e-10
TRAINLM, Epoch 180/300, MSE 0.0641398/0, Gradient 0.249088/1e-10
TRAINLM, Epoch 190/300, MSE 0.0641398/0, Gradient 0.248486/1e-10
TRAINLM, Epoch 200/300, MSE 0.0641398/0, Gradient 0.248147/1e-10
TRAINLM, Epoch 210/300, MSE 0.0641398/0, Gradient 0.248094/1e-10
TRAINLM, Epoch 215/300, MSE 0.0641398/0, Gradient 0.248074/1e-10
TRAINLM, Maximum MU reached, performance goal was not met.

  2  10 300 45.017
TRAINLM, Epoch 0/300, MSE 0.20017/0, Gradient 6227.48/1e-10
TRAINLM, Epoch 10/300, MSE 0.0683937/0, Gradient 300.237/1e-10
TRAINLM, Epoch 20/300, MSE 0.0645203/0, Gradient 988.885/1e-10
TRAINLM, Epoch 30/300, MSE 0.0637298/0, Gradient 637.225/1e-10
TRAINLM, Epoch 40/300, MSE 0.0633604/0, Gradient 384.883/1e-10
TRAINLM, Epoch 50/300, MSE 0.0627933/0, Gradient 908.592/1e-10
TRAINLM, Epoch 60/300, MSE 0.0620506/0, Gradient 327.898/1e-10
TRAINLM, Epoch 70/300, MSE 0.0618532/0, Gradient 155.543/1e-10
TRAINLM, Epoch 80/300, MSE 0.0617694/0, Gradient 91.9089/1e-10
TRAINLM, Epoch 90/300, MSE 0.0617133/0, Gradient 107.953/1e-10
TRAINLM, Epoch 100/300, MSE 0.0616721/0, Gradient 79.101/1e-10
TRAINLM, Epoch 110/300, MSE 0.0616405/0, Gradient 57.2804/1e-10
TRAINLM, Epoch 120/300, MSE 0.0616133/0, Gradient 71.2742/1e-10
TRAINLM, Epoch 130/300, MSE 0.0615919/0, Gradient 52.8917/1e-10
TRAINLM, Epoch 140/300, MSE 0.0615732/0, Gradient 64.6412/1e-10
TRAINLM, Epoch 150/300, MSE 0.0615577/0, Gradient 47.721/1e-10
TRAINLM, Epoch 160/300, MSE 0.0615442/0, Gradient 58.6529/1e-10
TRAINLM, Epoch 170/300, MSE 0.0615324/0, Gradient 43.2116/1e-10
TRAINLM, Epoch 180/300, MSE 0.0615223/0, Gradient 31.4641/1e-10
TRAINLM, Epoch 190/300, MSE 0.0615127/0, Gradient 39.3852/1e-10
TRAINLM, Epoch 200/300, MSE 0.0615047/0, Gradient 28.7495/1e-10
TRAINLM, Epoch 210/300, MSE 0.0614969/0, Gradient 36.0741/1e-10
TRAINLM, Epoch 220/300, MSE 0.0614903/0, Gradient 26.3926/1e-10
TRAINLM, Epoch 230/300, MSE 0.061484/0, Gradient 33.3632/1e-10
TRAINLM, Epoch 240/300, MSE 0.0614785/0, Gradient 24.5029/1e-10
TRAINLM, Epoch 250/300, MSE 0.0614731/0, Gradient 31.0999/1e-10
TRAINLM, Epoch 260/300, MSE 0.0614684/0, Gradient 22.9244/1e-10
TRAINLM, Epoch 270/300, MSE 0.0614639/0, Gradient 29.1884/1e-10
TRAINLM, Epoch 280/300, MSE 0.0614599/0, Gradient 21.5977/1e-10
TRAINLM, Epoch 290/300, MSE 0.061456/0, Gradient 27.5906/1e-10
TRAINLM, Epoch 300/300, MSE 0.0614526/0, Gradient 20.6016/1e-10
TRAINLM, Maximum epoch reached, performance goal was not met.

  2  20 300 41.317
TRAINLM, Epoch 0/300, MSE 0.278037/0, Gradient 7887.51/1e-10
TRAINLM, Epoch 10/300, MSE 0.0704397/0, Gradient 2894.09/1e-10
TRAINLM, Epoch 20/300, MSE 0.0607987/0, Gradient 2066.89/1e-10
TRAINLM, Epoch 30/300, MSE 0.0598794/0, Gradient 616.045/1e-10
TRAINLM, Epoch 40/300, MSE 0.0596804/0, Gradient 14.2816/1e-10
TRAINLM, Epoch 43/300, MSE 0.0596804/0, Gradient 14.2081/1e-10
TRAINLM, Maximum MU reached, performance goal was not met.

  2  30 300 45.517
TRAINLM, Epoch 0/300, MSE 0.278268/0, Gradient 12896.1/1e-10
TRAINLM, Epoch 10/300, MSE 0.0756452/0, Gradient 154.259/1e-10
TRAINLM, Epoch 20/300, MSE 0.0755218/0, Gradient 97.0825/1e-10
TRAINLM, Epoch 30/300, MSE 0.0754918/0, Gradient 56.1844/1e-10
TRAINLM, Epoch 40/300, MSE 0.0754787/0, Gradient 35.2692/1e-10
TRAINLM, Epoch 50/300, MSE 0.0754713/0, Gradient 23.6311/1e-10
TRAINLM, Epoch 60/300, MSE 0.0754667/0, Gradient 17.1376/1e-10
TRAINLM, Epoch 70/300, MSE 0.0754636/0, Gradient 13.3289/1e-10
TRAINLM, Epoch 80/300, MSE 0.0754613/0, Gradient 10.9277/1e-10
TRAINLM, Epoch 90/300, MSE 0.0754595/0, Gradient 9.31985/1e-10
TRAINLM, Epoch 96/300, MSE 0.0754585/0, Gradient 8.59781/1e-10
TRAINLM, Validation stop.

  5   1 300 69.450
TRAINLM, Epoch 0/300, MSE 0.2049/0, Gradient 8628.26/1e-10
TRAINLM, Epoch 10/300, MSE 0.064791/0, Gradient 215.409/1e-10
TRAINLM, Epoch 20/300, MSE 0.0642892/0, Gradient 112.848/1e-10
TRAINLM, Epoch 30/300, MSE 0.064077/0, Gradient 88.1917/1e-10
TRAINLM, Epoch 40/300, MSE 0.0639446/0, Gradient 61.1796/1e-10
TRAINLM, Epoch 50/300, MSE 0.0638712/0, Gradient 44.8892/1e-10
TRAINLM, Epoch 60/300, MSE 0.0638379/0, Gradient 41.118/1e-10
TRAINLM, Epoch 70/300, MSE 0.0638258/0, Gradient 38.7337/1e-10
TRAINLM, Epoch 80/300, MSE 0.0638232/0, Gradient 24.8637/1e-10
TRAINLM, Maximum MU reached, performance goal was not met.

  5   2 300 53.550
TRAINLM, Epoch 0/300, MSE 0.273081/0, Gradient 10433.3/1e-10
TRAINLM, Epoch 10/300, MSE 0.0473831/0, Gradient 368.737/1e-10
TRAINLM, Epoch 20/300, MSE 0.0455157/0, Gradient 79.7985/1e-10
TRAINLM, Epoch 30/300, MSE 0.0454136/0, Gradient 151.698/1e-10
TRAINLM, Epoch 33/300, MSE 0.0454118/0, Gradient 141.24/1e-10
TRAINLM, Maximum MU reached, performance goal was not met.

  5   5 300 32.800
TRAINLM, Epoch 0/300, MSE 0.263938/0, Gradient 8582.39/1e-10
TRAINLM, Epoch 10/300, MSE 0.0392473/0, Gradient 733.674/1e-10
TRAINLM, Epoch 20/300, MSE 0.0360751/0, Gradient 232.485/1e-10
TRAINLM, Epoch 30/300, MSE 0.034549/0, Gradient 52.961/1e-10
TRAINLM, Epoch 40/300, MSE 0.034385/0, Gradient 29.1371/1e-10
TRAINLM, Epoch 50/300, MSE 0.0342805/0, Gradient 25.6151/1e-10
TRAINLM, Epoch 60/300, MSE 0.0341629/0, Gradient 31.9851/1e-10
TRAINLM, Epoch 70/300, MSE 0.0337775/0, Gradient 74.1519/1e-10
TRAINLM, Epoch 80/300, MSE 0.0335814/0, Gradient 26.3139/1e-10
TRAINLM, Epoch 90/300, MSE 0.0335411/0, Gradient 11.147/1e-10
TRAINLM, Epoch 100/300, MSE 0.0334941/0, Gradient 4.27973/1e-10
TRAINLM, Epoch 104/300, MSE 0.0334941/0, Gradient 0.825167/1e-10
TRAINLM, Validation stop.

  5  10 300 23.583
TRAINLM, Epoch 0/300, MSE 0.258418/0, Gradient 7605.96/1e-10
TRAINLM, Epoch 10/300, MSE 0.0373791/0, Gradient 1879.78/1e-10
TRAINLM, Epoch 20/300, MSE 0.0276514/0, Gradient 169.912/1e-10
TRAINLM, Epoch 30/300, MSE 0.0266343/0, Gradient 65.1564/1e-10
TRAINLM, Epoch 40/300, MSE 0.0259472/0, Gradient 93.958/1e-10
TRAINLM, Epoch 50/300, MSE 0.0253509/0, Gradient 196.427/1e-10
TRAINLM, Epoch 60/300, MSE 0.025027/0, Gradient 44.3001/1e-10
TRAINLM, Epoch 70/300, MSE 0.0248902/0, Gradient 47.7729/1e-10
TRAINLM, Epoch 80/300, MSE 0.0247948/0, Gradient 31.9069/1e-10
TRAINLM, Epoch 81/300, MSE 0.0247906/0, Gradient 30.9516/1e-10
TRAINLM, Validation stop.

  5  20 300 16.750
TRAINLM, Epoch 0/300, MSE 0.324831/0, Gradient 8743.77/1e-10
TRAINLM, Epoch 10/300, MSE 0.0285001/0, Gradient 778.649/1e-10
TRAINLM, Epoch 20/300, MSE 0.0237891/0, Gradient 60.8324/1e-10
TRAINLM, Epoch 30/300, MSE 0.0233659/0, Gradient 65.0244/1e-10
TRAINLM, Epoch 40/300, MSE 0.0226798/0, Gradient 42.1492/1e-10
TRAINLM, Epoch 50/300, MSE 0.0223753/0, Gradient 26.6535/1e-10
TRAINLM, Epoch 60/300, MSE 0.0221528/0, Gradient 28.6218/1e-10
TRAINLM, Epoch 70/300, MSE 0.021968/0, Gradient 28.1387/1e-10
TRAINLM, Epoch 71/300, MSE 0.0219576/0, Gradient 26.683/1e-10
TRAINLM, Validation stop.

  5  30 300 14.833
TRAINLM, Epoch 0/300, MSE 0.323833/0, Gradient 13985.1/1e-10
TRAINLM, Epoch 10/300, MSE 0.0937073/0, Gradient 1374.41/1e-10
TRAINLM, Epoch 20/300, MSE 0.0929796/0, Gradient 32.0846/1e-10
TRAINLM, Epoch 30/300, MSE 0.0929619/0, Gradient 31.1952/1e-10
TRAINLM, Epoch 40/300, MSE 0.09295/0, Gradient 35.6877/1e-10
TRAINLM, Epoch 50/300, MSE 0.0929405/0, Gradient 33.2673/1e-10
TRAINLM, Epoch 60/300, MSE 0.0929323/0, Gradient 29.0773/1e-10
TRAINLM, Epoch 70/300, MSE 0.0929249/0, Gradient 24.4318/1e-10
TRAINLM, Epoch 80/300, MSE 0.0929179/0, Gradient 19.7015/1e-10
TRAINLM, Epoch 90/300, MSE 0.0929112/0, Gradient 15.0001/1e-10
TRAINLM, Epoch 100/300, MSE 0.0929044/0, Gradient 10.6595/1e-10
TRAINLM, Epoch 110/300, MSE 0.0898123/0, Gradient 6016.86/1e-10
TRAINLM, Epoch 120/300, MSE 0.0870508/0, Gradient 95.7744/1e-10
TRAINLM, Epoch 130/300, MSE 0.0870324/0, Gradient 54.1116/1e-10
TRAINLM, Epoch 140/300, MSE 0.0870288/0, Gradient 42.7384/1e-10
TRAINLM, Epoch 150/300, MSE 0.0870275/0, Gradient 33.9635/1e-10
TRAINLM, Epoch 160/300, MSE 0.0870265/0, Gradient 26.7698/1e-10
TRAINLM, Epoch 170/300, MSE 0.0870259/0, Gradient 21.0923/1e-10
TRAINLM, Epoch 180/300, MSE 0.0870253/0, Gradient 16.745/1e-10
TRAINLM, Epoch 190/300, MSE 0.0870249/0, Gradient 13.719/1e-10
TRAINLM, Epoch 200/300, MSE 0.0870246/0, Gradient 12.0373/1e-10
TRAINLM, Epoch 210/300, MSE 0.0870243/0, Gradient 11.5341/1e-10
TRAINLM, Epoch 220/300, MSE 0.0870241/0, Gradient 11.7769/1e-10
TRAINLM, Epoch 230/300, MSE 0.0870239/0, Gradient 12.2789/1e-10
TRAINLM, Epoch 240/300, MSE 0.0870237/0, Gradient 12.7069/1e-10
TRAINLM, Epoch 250/300, MSE 0.0870235/0, Gradient 12.9127/1e-10
TRAINLM, Epoch 260/300, MSE 0.0870234/0, Gradient 12.8777/1e-10
TRAINLM, Epoch 270/300, MSE 0.0870232/0, Gradient 12.6496/1e-10
TRAINLM, Epoch 280/300, MSE 0.0870231/0, Gradient 12.2944/1e-10
TRAINLM, Epoch 289/300, MSE 0.087023/0, Gradient 11.9147/1e-10
TRAINLM, Validation stop.

 10   1 300 80.783
TRAINLM, Epoch 0/300, MSE 0.43967/0, Gradient 16373.4/1e-10
TRAINLM, Epoch 10/300, MSE 0.134041/0, Gradient 7601.66/1e-10
TRAINLM, Epoch 20/300, MSE 0.0829128/0, Gradient 29639.3/1e-10
TRAINLM, Epoch 30/300, MSE 0.0780804/0, Gradient 586.477/1e-10
TRAINLM, Epoch 40/300, MSE 0.0778441/0, Gradient 321.112/1e-10
TRAINLM, Epoch 50/300, MSE 0.0777191/0, Gradient 1534.59/1e-10
TRAINLM, Epoch 60/300, MSE 0.0776108/0, Gradient 174.398/1e-10
TRAINLM, Epoch 70/300, MSE 0.077601/0, Gradient 46.9392/1e-10
TRAINLM, Epoch 80/300, MSE 0.0775967/0, Gradient 925.879/1e-10
TRAINLM, Epoch 87/300, MSE 0.0775803/0, Gradient 174.543/1e-10
TRAINLM, Validation stop.

 10   2 300 67.333
TRAINLM, Epoch 0/300, MSE 0.275855/0, Gradient 11189.5/1e-10
TRAINLM, Epoch 10/300, MSE 0.0432568/0, Gradient 481.325/1e-10
TRAINLM, Epoch 20/300, MSE 0.0404117/0, Gradient 154.787/1e-10
TRAINLM, Epoch 30/300, MSE 0.0400049/0, Gradient 92.6241/1e-10
TRAINLM, Epoch 40/300, MSE 0.0397854/0, Gradient 86.8176/1e-10
TRAINLM, Epoch 50/300, MSE 0.0396092/0, Gradient 66.7431/1e-10
TRAINLM, Epoch 60/300, MSE 0.0395236/0, Gradient 62.8344/1e-10
TRAINLM, Epoch 70/300, MSE 0.0394712/0, Gradient 67.8545/1e-10
TRAINLM, Epoch 80/300, MSE 0.0394449/0, Gradient 77.6767/1e-10
TRAINLM, Epoch 90/300, MSE 0.0394362/0, Gradient 79.9677/1e-10
TRAINLM, Epoch 100/300, MSE 0.0394358/0, Gradient 74.5255/1e-10
TRAINLM, Epoch 110/300, MSE 0.0394358/0, Gradient 74.3846/1e-10
TRAINLM, Epoch 111/300, MSE 0.0394358/0, Gradient 74.3846/1e-10
TRAINLM, Maximum MU reached, performance goal was not met.

 10   5 300 27.767
TRAINLM, Epoch 0/300, MSE 0.345845/0, Gradient 10895.9/1e-10
TRAINLM, Epoch 10/300, MSE 0.0345651/0, Gradient 3116.35/1e-10
TRAINLM, Epoch 20/300, MSE 0.0232007/0, Gradient 192.786/1e-10
TRAINLM, Epoch 30/300, MSE 0.0225093/0, Gradient 100.376/1e-10
TRAINLM, Epoch 40/300, MSE 0.0217939/0, Gradient 380.235/1e-10
TRAINLM, Epoch 50/300, MSE 0.0216216/0, Gradient 111.512/1e-10
TRAINLM, Epoch 53/300, MSE 0.0216086/0, Gradient 125.797/1e-10
TRAINLM, Validation stop.

 10  10 300 14.100
TRAINLM, Epoch 0/300, MSE 0.348657/0, Gradient 9391.01/1e-10
TRAINLM, Epoch 10/300, MSE 0.0187664/0, Gradient 729.13/1e-10
TRAINLM, Epoch 20/300, MSE 0.0165558/0, Gradient 127.102/1e-10
TRAINLM, Epoch 30/300, MSE 0.0161217/0, Gradient 43.7982/1e-10
TRAINLM, Epoch 31/300, MSE 0.0160996/0, Gradient 39.1354/1e-10
TRAINLM, Validation stop.

 10  20 300 11.150
TRAINLM, Epoch 0/300, MSE 0.383021/0, Gradient 9416.12/1e-10
TRAINLM, Epoch 10/300, MSE 0.0201245/0, Gradient 1346.91/1e-10
TRAINLM, Epoch 20/300, MSE 0.0144119/0, Gradient 121.95/1e-10
TRAINLM, Epoch 30/300, MSE 0.0135598/0, Gradient 92.0902/1e-10
TRAINLM, Epoch 40/300, MSE 0.0132524/0, Gradient 59.835/1e-10
TRAINLM, Epoch 46/300, MSE 0.0131223/0, Gradient 36.6918/1e-10
TRAINLM, Validation stop.

 10  30 300  9.083
TRAINLM, Epoch 0/300, MSE 0.322381/0, Gradient 17928.5/1e-10
TRAINLM, Epoch 10/300, MSE 0.0758412/0, Gradient 591.348/1e-10
TRAINLM, Epoch 20/300, MSE 0.0755148/0, Gradient 141.307/1e-10
TRAINLM, Epoch 30/300, MSE 0.0754654/0, Gradient 87.2378/1e-10
TRAINLM, Epoch 40/300, MSE 0.0754505/0, Gradient 55.4435/1e-10
TRAINLM, Epoch 50/300, MSE 0.0754448/0, Gradient 42.8673/1e-10
TRAINLM, Epoch 60/300, MSE 0.0754419/0, Gradient 35.1292/1e-10
TRAINLM, Epoch 70/300, MSE 0.0754402/0, Gradient 29.294/1e-10
TRAINLM, Epoch 80/300, MSE 0.0754391/0, Gradient 25.0419/1e-10
TRAINLM, Epoch 90/300, MSE 0.0754383/0, Gradient 21.9225/1e-10
TRAINLM, Epoch 100/300, MSE 0.0754377/0, Gradient 19.538/1e-10
TRAINLM, Epoch 110/300, MSE 0.0754372/0, Gradient 17.6307/1e-10
TRAINLM, Epoch 120/300, MSE 0.0754368/0, Gradient 16.0498/1e-10
TRAINLM, Epoch 130/300, MSE 0.0754364/0, Gradient 14.7053/1e-10
TRAINLM, Epoch 140/300, MSE 0.0754361/0, Gradient 13.5413/1e-10
TRAINLM, Epoch 150/300, MSE 0.0754358/0, Gradient 12.5206/1e-10
TRAINLM, Epoch 160/300, MSE 0.0754356/0, Gradient 11.6177/1e-10
TRAINLM, Epoch 170/300, MSE 0.0754354/0, Gradient 10.8141/1e-10
TRAINLM, Epoch 180/300, MSE 0.0754351/0, Gradient 10.0962/1e-10
TRAINLM, Epoch 190/300, MSE 0.0754349/0, Gradient 9.45308/1e-10
TRAINLM, Epoch 200/300, MSE 0.0754348/0, Gradient 8.87594/1e-10
TRAINLM, Epoch 205/300, MSE 0.0754347/0, Gradient 8.60976/1e-10
TRAINLM, Validation stop.

 20   1 300 69.533
TRAINLM, Epoch 0/300, MSE 0.360374/0, Gradient 18724.4/1e-10
TRAINLM, Epoch 10/300, MSE 0.0860615/0, Gradient 7166.55/1e-10
TRAINLM, Epoch 20/300, MSE 0.0722851/0, Gradient 87.6431/1e-10
TRAINLM, Epoch 30/300, MSE 0.0719478/0, Gradient 438.122/1e-10
TRAINLM, Epoch 40/300, MSE 0.0718262/0, Gradient 368.947/1e-10
TRAINLM, Epoch 50/300, MSE 0.0717942/0, Gradient 380.769/1e-10
TRAINLM, Epoch 60/300, MSE 0.0717818/0, Gradient 420.485/1e-10
TRAINLM, Epoch 70/300, MSE 0.0717756/0, Gradient 578.494/1e-10
TRAINLM, Epoch 72/300, MSE 0.0717754/0, Gradient 633.205/1e-10
TRAINLM, Validation stop.

 20   2 300 63.050
TRAINLM, Epoch 0/300, MSE 0.408432/0, Gradient 13465.4/1e-10
TRAINLM, Epoch 10/300, MSE 0.0373128/0, Gradient 330.099/1e-10
TRAINLM, Epoch 20/300, MSE 0.035002/0, Gradient 372.18/1e-10
TRAINLM, Epoch 30/300, MSE 0.0346755/0, Gradient 143.792/1e-10
TRAINLM, Epoch 40/300, MSE 0.0345506/0, Gradient 87.5864/1e-10
TRAINLM, Epoch 50/300, MSE 0.0344691/0, Gradient 80.3921/1e-10
TRAINLM, Epoch 60/300, MSE 0.034292/0, Gradient 233.539/1e-10
TRAINLM, Epoch 70/300, MSE 0.034219/0, Gradient 462.988/1e-10
TRAINLM, Epoch 80/300, MSE 0.034151/0, Gradient 292.574/1e-10
TRAINLM, Epoch 90/300, MSE 0.0340246/0, Gradient 692.771/1e-10
TRAINLM, Epoch 100/300, MSE 0.0339362/0, Gradient 592.777/1e-10
TRAINLM, Epoch 106/300, MSE 0.033903/0, Gradient 460.813/1e-10
TRAINLM, Validation stop.

 20   5 300 25.183
TRAINLM, Epoch 0/300, MSE 0.360097/0, Gradient 11640.4/1e-10
TRAINLM, Epoch 10/300, MSE 0.0215257/0, Gradient 1168.46/1e-10
TRAINLM, Epoch 20/300, MSE 0.0172325/0, Gradient 374.351/1e-10
TRAINLM, Epoch 30/300, MSE 0.0161895/0, Gradient 1900.9/1e-10
TRAINLM, Epoch 40/300, MSE 0.0156049/0, Gradient 618.26/1e-10
TRAINLM, Epoch 50/300, MSE 0.0155219/0, Gradient 341.62/1e-10
TRAINLM, Epoch 60/300, MSE 0.0154668/0, Gradient 545.187/1e-10
TRAINLM, Epoch 70/300, MSE 0.0154286/0, Gradient 1004.4/1e-10
TRAINLM, Epoch 80/300, MSE 0.0153722/0, Gradient 966.492/1e-10
TRAINLM, Epoch 90/300, MSE 0.0152077/0, Gradient 1598.73/1e-10
TRAINLM, Epoch 100/300, MSE 0.0149998/0, Gradient 209.426/1e-10
TRAINLM, Epoch 110/300, MSE 0.014884/0, Gradient 195.867/1e-10
TRAINLM, Epoch 117/300, MSE 0.0148577/0, Gradient 182.336/1e-10
TRAINLM, Validation stop.

 20  10 300 10.333
TRAINLM, Epoch 0/300, MSE 0.346335/0, Gradient 9170.67/1e-10
TRAINLM, Epoch 10/300, MSE 0.0292756/0, Gradient 1967.01/1e-10
TRAINLM, Epoch 20/300, MSE 0.0109332/0, Gradient 436.851/1e-10
TRAINLM, Epoch 30/300, MSE 0.00978116/0, Gradient 232.732/1e-10
TRAINLM, Epoch 34/300, MSE 0.00966022/0, Gradient 535.328/1e-10
TRAINLM, Validation stop.

 20  20 300  6.817
TRAINLM, Epoch 0/300, MSE 0.376715/0, Gradient 9293.29/1e-10
TRAINLM, Epoch 10/300, MSE 0.0248347/0, Gradient 2247.08/1e-10
TRAINLM, Epoch 20/300, MSE 0.0118802/0, Gradient 826.22/1e-10
TRAINLM, Epoch 30/300, MSE 0.00971443/0, Gradient 888.982/1e-10
TRAINLM, Epoch 39/300, MSE 0.00892106/0, Gradient 602.308/1e-10
TRAINLM, Validation stop.

 20  30 300  7.183
TRAINLM, Epoch 0/300, MSE 0.32434/0, Gradient 19924.2/1e-10
TRAINLM, Epoch 10/300, MSE 0.0758571/0, Gradient 181.763/1e-10
TRAINLM, Epoch 20/300, MSE 0.0754666/0, Gradient 166.504/1e-10
TRAINLM, Validation stop.

 30   1 300 69.800
TRAINLM, Epoch 0/300, MSE 0.272315/0, Gradient 15794.1/1e-10
TRAINLM, Epoch 10/300, MSE 0.0628019/0, Gradient 346.442/1e-10
TRAINLM, Epoch 20/300, MSE 0.0622644/0, Gradient 382.234/1e-10
TRAINLM, Epoch 30/300, MSE 0.0621076/0, Gradient 132.946/1e-10
TRAINLM, Epoch 40/300, MSE 0.0620693/0, Gradient 61.0319/1e-10
TRAINLM, Validation stop.

 30   2 300 52.900
TRAINLM, Epoch 0/300, MSE 0.408239/0, Gradient 14307.4/1e-10
TRAINLM, Epoch 10/300, MSE 0.0363895/0, Gradient 335.219/1e-10
TRAINLM, Epoch 20/300, MSE 0.0333941/0, Gradient 421.587/1e-10
TRAINLM, Epoch 30/300, MSE 0.0329036/0, Gradient 108.494/1e-10
TRAINLM, Epoch 40/300, MSE 0.0327434/0, Gradient 136.693/1e-10
TRAINLM, Epoch 50/300, MSE 0.0326301/0, Gradient 162.848/1e-10
TRAINLM, Epoch 60/300, MSE 0.0325407/0, Gradient 92.4822/1e-10
TRAINLM, Epoch 70/300, MSE 0.032535/0, Gradient 103.397/1e-10
TRAINLM, Epoch 80/300, MSE 0.0325308/0, Gradient 122.764/1e-10
TRAINLM, Epoch 85/300, MSE 0.0325294/0, Gradient 143.013/1e-10
TRAINLM, Validation stop.

 30   5 300 24.367
TRAINLM, Epoch 0/300, MSE 0.375786/0, Gradient 10775.4/1e-10
TRAINLM, Epoch 10/300, MSE 0.0212233/0, Gradient 985.795/1e-10
TRAINLM, Epoch 20/300, MSE 0.0146319/0, Gradient 620.874/1e-10
TRAINLM, Epoch 30/300, MSE 0.0133084/0, Gradient 225.784/1e-10
TRAINLM, Epoch 40/300, MSE 0.012862/0, Gradient 289.891/1e-10
TRAINLM, Epoch 47/300, MSE 0.0126451/0, Gradient 564.621/1e-10
TRAINLM, Validation stop.

 30  10 300  9.067
TRAINLM, Epoch 0/300, MSE 0.344122/0, Gradient 9036.19/1e-10
TRAINLM, Epoch 10/300, MSE 0.0130191/0, Gradient 1194.3/1e-10
TRAINLM, Epoch 20/300, MSE 0.00805544/0, Gradient 580.673/1e-10
TRAINLM, Epoch 30/300, MSE 0.00712938/0, Gradient 263.59/1e-10
TRAINLM, Epoch 34/300, MSE 0.00697915/0, Gradient 617.535/1e-10
TRAINLM, Validation stop.

 30  20 300  5.317
TRAINLM, Epoch 0/300, MSE 0.332997/0, Gradient 8222.61/1e-10
TRAINLM, Epoch 10/300, MSE 0.0249462/0, Gradient 1312.37/1e-10
TRAINLM, Epoch 20/300, MSE 0.00695624/0, Gradient 182.921/1e-10
TRAINLM, Epoch 25/300, MSE 0.00625072/0, Gradient 275.111/1e-10
TRAINLM, Validation stop.

 30  30 300  5.850
TRAINLM, Epoch 0/300, MSE 0.465044/0, Gradient 27123.6/1e-10
TRAINLM, Epoch 10/300, MSE 0.22966/0, Gradient 1112.9/1e-10
TRAINLM, Epoch 20/300, MSE 0.228864/0, Gradient 963.717/1e-10
TRAINLM, Epoch 30/300, MSE 0.228275/0, Gradient 521.91/1e-10
TRAINLM, Epoch 40/300, MSE 0.227652/0, Gradient 437.996/1e-10
TRAINLM, Epoch 50/300, MSE 0.225587/0, Gradient 960.868/1e-10
TRAINLM, Epoch 60/300, MSE 0.225173/0, Gradient 942.962/1e-10
TRAINLM, Epoch 70/300, MSE 0.224005/0, Gradient 1816.55/1e-10
TRAINLM, Epoch 80/300, MSE 0.223427/0, Gradient 876.519/1e-10
TRAINLM, Epoch 90/300, MSE 0.220951/0, Gradient 1965.43/1e-10
TRAINLM, Epoch 100/300, MSE 0.205828/0, Gradient 7899.43/1e-10
TRAINLM, Epoch 110/300, MSE 0.199456/0, Gradient 6725.1/1e-10
TRAINLM, Epoch 120/300, MSE 0.197534/0, Gradient 765.819/1e-10
TRAINLM, Epoch 130/300, MSE 0.19625/0, Gradient 1152.5/1e-10
TRAINLM, Epoch 140/300, MSE 0.194828/0, Gradient 542.029/1e-10
TRAINLM, Epoch 150/300, MSE 0.193601/0, Gradient 304.486/1e-10
TRAINLM, Epoch 160/300, MSE 0.191992/0, Gradient 988.463/1e-10
TRAINLM, Epoch 170/300, MSE 0.190036/0, Gradient 244.489/1e-10
TRAINLM, Epoch 180/300, MSE 0.181003/0, Gradient 243.928/1e-10
TRAINLM, Epoch 190/300, MSE 0.179982/0, Gradient 99.1365/1e-10
TRAINLM, Epoch 200/300, MSE 0.16463/0, Gradient 832.852/1e-10
TRAINLM, Epoch 210/300, MSE 0.160674/0, Gradient 1003.24/1e-10
TRAINLM, Epoch 220/300, MSE 0.159674/0, Gradient 390.947/1e-10
TRAINLM, Epoch 230/300, MSE 0.158388/0, Gradient 305.604/1e-10
TRAINLM, Epoch 240/300, MSE 0.156947/0, Gradient 891.323/1e-10
TRAINLM, Epoch 250/300, MSE 0.153398/0, Gradient 215.891/1e-10
TRAINLM, Epoch 260/300, MSE 0.152917/0, Gradient 80.6074/1e-10
TRAINLM, Epoch 270/300, MSE 0.15146/0, Gradient 91.4936/1e-10
TRAINLM, Epoch 280/300, MSE 0.14965/0, Gradient 874.625/1e-10
TRAINLM, Epoch 290/300, MSE 0.147223/0, Gradient 273.336/1e-10
TRAINLM, Epoch 300/300, MSE 0.146657/0, Gradient 252.757/1e-10
TRAINLM, Maximum epoch reached, performance goal was not met.

 40   1 300 84.383
TRAINLM, Epoch 0/300, MSE 0.313478/0, Gradient 20486.3/1e-10
TRAINLM, Epoch 10/300, MSE 0.0675055/0, Gradient 569.323/1e-10
TRAINLM, Epoch 20/300, MSE 0.0622628/0, Gradient 335.393/1e-10
TRAINLM, Epoch 30/300, MSE 0.0620994/0, Gradient 86.9172/1e-10
TRAINLM, Epoch 34/300, MSE 0.0620795/0, Gradient 87.8584/1e-10
TRAINLM, Validation stop.

 40   2 300 53.150
TRAINLM, Epoch 0/300, MSE 0.389744/0, Gradient 12706.4/1e-10
TRAINLM, Epoch 10/300, MSE 0.0347403/0, Gradient 319.582/1e-10
TRAINLM, Epoch 20/300, MSE 0.0323093/0, Gradient 242.077/1e-10
TRAINLM, Epoch 30/300, MSE 0.0320968/0, Gradient 223.051/1e-10
TRAINLM, Epoch 40/300, MSE 0.0318698/0, Gradient 162.173/1e-10
TRAINLM, Epoch 50/300, MSE 0.0317731/0, Gradient 148.752/1e-10
TRAINLM, Validation stop.

 40   5 300 24.100
TRAINLM, Epoch 0/300, MSE 0.386956/0, Gradient 11527.9/1e-10
TRAINLM, Epoch 10/300, MSE 0.0177142/0, Gradient 1610.36/1e-10
TRAINLM, Epoch 20/300, MSE 0.0126494/0, Gradient 933.435/1e-10
TRAINLM, Epoch 30/300, MSE 0.0117165/0, Gradient 461.877/1e-10
TRAINLM, Epoch 40/300, MSE 0.0113392/0, Gradient 412.963/1e-10
TRAINLM, Epoch 44/300, MSE 0.0112938/0, Gradient 1095.68/1e-10
TRAINLM, Validation stop.

 40  10 300  8.433
TRAINLM, Epoch 0/300, MSE 0.383566/0, Gradient 9637.28/1e-10
TRAINLM, Epoch 10/300, MSE 0.013137/0, Gradient 1229.56/1e-10
TRAINLM, Epoch 20/300, MSE 0.00666678/0, Gradient 517.623/1e-10
TRAINLM, Epoch 29/300, MSE 0.00558798/0, Gradient 291.837/1e-10
TRAINLM, Validation stop.

 40  20 300  5.400
TRAINLM, Epoch 0/300, MSE 0.371377/0, Gradient 8432.01/1e-10
TRAINLM, Epoch 10/300, MSE 0.0163334/0, Gradient 1826.6/1e-10
TRAINLM, Epoch 20/300, MSE 0.00541857/0, Gradient 1102.67/1e-10
TRAINLM, Epoch 22/300, MSE 0.00502501/0, Gradient 1296.24/1e-10
TRAINLM, Validation stop.

 40  30 300  5.417
TRAINLM, Epoch 0/300, MSE 0.433045/0, Gradient 27078.8/1e-10
TRAINLM, Epoch 10/300, MSE 0.306535/0, Gradient 1466.02/1e-10
TRAINLM, Epoch 20/300, MSE 0.291083/0, Gradient 773.569/1e-10
TRAINLM, Epoch 30/300, MSE 0.278173/0, Gradient 612.59/1e-10
TRAINLM, Epoch 40/300, MSE 0.265044/0, Gradient 1518.75/1e-10
TRAINLM, Epoch 50/300, MSE 0.239388/0, Gradient 728.941/1e-10
TRAINLM, Epoch 60/300, MSE 0.232899/0, Gradient 9176.55/1e-10
TRAINLM, Epoch 70/300, MSE 0.187137/0, Gradient 153.14/1e-10
TRAINLM, Epoch 80/300, MSE 0.185333/0, Gradient 94.9999/1e-10
TRAINLM, Epoch 90/300, MSE 0.183591/0, Gradient 42.7585/1e-10
TRAINLM, Epoch 100/300, MSE 0.181981/0, Gradient 378.814/1e-10
TRAINLM, Epoch 110/300, MSE 0.179631/0, Gradient 1059.21/1e-10
TRAINLM, Epoch 120/300, MSE 0.178568/0, Gradient 103.102/1e-10
TRAINLM, Epoch 130/300, MSE 0.177769/0, Gradient 88.349/1e-10
TRAINLM, Epoch 140/300, MSE 0.176976/0, Gradient 144.931/1e-10
TRAINLM, Epoch 150/300, MSE 0.17615/0, Gradient 295.107/1e-10
TRAINLM, Epoch 160/300, MSE 0.175439/0, Gradient 65.9952/1e-10
TRAINLM, Epoch 170/300, MSE 0.17479/0, Gradient 510.507/1e-10
TRAINLM, Epoch 180/300, MSE 0.17392/0, Gradient 80.2043/1e-10
TRAINLM, Epoch 190/300, MSE 0.173782/0, Gradient 6.75502/1e-10
TRAINLM, Validation stop.

 50   1 300 84.733
TRAINLM, Epoch 0/300, MSE 0.323524/0, Gradient 19077.5/1e-10
TRAINLM, Epoch 10/300, MSE 0.0628051/0, Gradient 516.634/1e-10
TRAINLM, Epoch 20/300, MSE 0.0622963/0, Gradient 200.76/1e-10
TRAINLM, Epoch 30/300, MSE 0.0621939/0, Gradient 105.478/1e-10
TRAINLM, Epoch 40/300, MSE 0.062147/0, Gradient 69.2327/1e-10
TRAINLM, Epoch 50/300, MSE 0.0621184/0, Gradient 54.6396/1e-10
TRAINLM, Epoch 60/300, MSE 0.0620983/0, Gradient 46.5788/1e-10
TRAINLM, Epoch 70/300, MSE 0.0620825/0, Gradient 40.323/1e-10
TRAINLM, Epoch 80/300, MSE 0.0620695/0, Gradient 35.0099/1e-10
TRAINLM, Epoch 90/300, MSE 0.0620587/0, Gradient 30.6646/1e-10
TRAINLM, Epoch 100/300, MSE 0.0620495/0, Gradient 27.0878/1e-10
TRAINLM, Epoch 110/300, MSE 0.0620414/0, Gradient 24.1477/1e-10
TRAINLM, Epoch 120/300, MSE 0.062034/0, Gradient 21.8266/1e-10
TRAINLM, Epoch 130/300, MSE 0.0620272/0, Gradient 20.0888/1e-10
TRAINLM, Epoch 134/300, MSE 0.0620247/0, Gradient 19.5371/1e-10
TRAINLM, Validation stop.

 50   2 300 53.183
TRAINLM, Epoch 0/300, MSE 0.428049/0, Gradient 14936.3/1e-10
TRAINLM, Epoch 10/300, MSE 0.137125/0, Gradient 3947.8/1e-10
TRAINLM, Epoch 20/300, MSE 0.131436/0, Gradient 1502.45/1e-10
TRAINLM, Epoch 30/300, MSE 0.124834/0, Gradient 196.585/1e-10
TRAINLM, Epoch 40/300, MSE 0.124581/0, Gradient 184.699/1e-10
TRAINLM, Epoch 45/300, MSE 0.124531/0, Gradient 271.474/1e-10
TRAINLM, Validation stop.

 50   5 300 89.617
TRAINLM, Epoch 0/300, MSE 0.421324/0, Gradient 12023.6/1e-10
TRAINLM, Epoch 10/300, MSE 0.0170042/0, Gradient 1263.15/1e-10
TRAINLM, Epoch 20/300, MSE 0.0115343/0, Gradient 486.66/1e-10
TRAINLM, Epoch 30/300, MSE 0.0102885/0, Gradient 468.844/1e-10
TRAINLM, Epoch 31/300, MSE 0.0102298/0, Gradient 314.889/1e-10
TRAINLM, Validation stop.

 50  10 300  8.200
TRAINLM, Epoch 0/300, MSE 0.38027/0, Gradient 9281.58/1e-10
TRAINLM, Epoch 10/300, MSE 0.0151505/0, Gradient 1808.38/1e-10
TRAINLM, Epoch 20/300, MSE 0.00601627/0, Gradient 289.987/1e-10
TRAINLM, Epoch 28/300, MSE 0.00457137/0, Gradient 309.052/1e-10
TRAINLM, Validation stop.

 50  20 300  5.050
TRAINLM, Epoch 0/300, MSE 0.368183/0, Gradient 8473.51/1e-10
TRAINLM, Epoch 10/300, MSE 0.0136004/0, Gradient 1452.85/1e-10
TRAINLM, Epoch 20/300, MSE 0.00445749/0, Gradient 163.503/1e-10
TRAINLM, Epoch 22/300, MSE 0.004214/0, Gradient 343.615/1e-10
TRAINLM, Validation stop.

 50  30 300  5.317
