  1 1e-09 69.717
  1 1e-08 69.717
  1 1e-07 69.700
  1 1e-06 69.667
  1 1e-05 69.550
  1 0.0001 69.400
  1 0.001 69.383
  1 0.01 69.233
  1 0.1 69.167
  1 0.9 69.100
  5 1e-09 37.250
  5 1e-08 37.250
  5 1e-07 37.150
  5 1e-06 35.467
  5 1e-05 29.883
  5 0.0001 28.333
  5 0.001 28.533
  5 0.01 28.600
  5 0.1 28.300
  5 0.9 27.850
 10 1e-09 25.800
 10 1e-08 25.750
 10 1e-07 25.350
 10 1e-06 22.350
 10 1e-05 14.933
 10 0.0001 11.817
 10 0.001 12.267
 10 0.01 12.483
 10 0.1 12.317
 10 0.9 11.850
 20 1e-09 21.233
 20 1e-08 21.233
 20 1e-07 20.667
 20 1e-06 16.467
 20 1e-05  8.483
 20 0.0001  6.167
 20 0.001  6.700
 20 0.01  7.050
 20 0.1  6.800
 20 0.9  5.883
 30 1e-09 20.333
 30 1e-08 20.250
 30 1e-07 19.733
 30 1e-06 15.383
 30 1e-05  7.467
 30 0.0001  5.183
 30 0.001  6.050
 30 0.01  6.400
 30 0.1  6.150
 30 0.9  4.700
 40 1e-09 19.900
 40 1e-08 19.833
 40 1e-07 19.433
 40 1e-06 14.900
 40 1e-05  6.883
 40 0.0001  4.933
 40 0.001  5.817
 40 0.01  6.650
 40 0.1  6.250
 40 0.9  4.683
 50 1e-09 19.850
 50 1e-08 19.817
 50 1e-07 19.067
 50 1e-06 14.617
 50 1e-05  6.567
 50 0.0001  4.683
 50 0.001  5.683
 50 0.01  6.617
 50 0.1  6.250
 50 0.9  4.567

 plot "<(sed -n '1, 10p' pca+gaussian-exp.out)" using 2:3 title '1' with lines, "<(sed -n '11, 20p' pca+gaussian-exp.out)" using 2:3 title '5' with lines, plot "<(sed -n '1, 10p' pca+gaussian-exp.out)" using 2:3 title '1' with lines, "<(sed -n '21, 30p' pca+gaussian-exp.out)" using 2:3 title '10' with lines , "<(sed -n '31, 40p' pca+gaussian-exp.out)" using 2:3 title '20' with lines, "<(sed -n '41, 50p' pca+gaussian-exp.out)" using 2:3 title '30' with lines, "<(sed -n '51, 60p' pca+gaussian-exp.out)" using 2:3 title '40' with lines, "<(sed -n '61, 70p' pca+gaussian-exp.out)" using 2:3 title '50' with lines    
