  Source.cpp
F:\Uni\Uni\2020-SGI\pract1\Utilidades.h(29,44): warning C4305: 'inicializando': truncamiento de 'double' a 'const GLfloat'
F:\Uni\Uni\2020-SGI\pract1\Utilidades.h(30,45): warning C4305: 'inicializando': truncamiento de 'double' a 'const GLfloat'
F:\Uni\Uni\2020-SGI\pract1\Utilidades.h(35,57): warning C4305: 'inicializando': truncamiento de 'double' a 'const GLfloat'
F:\Uni\Uni\2020-SGI\pract1\Utilidades.h(36,57): warning C4305: 'inicializando': truncamiento de 'double' a 'const GLfloat'
F:\Uni\Uni\2020-SGI\pract1\Utilidades.h(38,54): warning C4305: 'inicializando': truncamiento de 'double' a 'const GLfloat'
F:\Uni\Uni\2020-SGI\pract1\Utilidades.h(252,37): warning C4305: 'argumento': truncamiento de 'double' a 'GLfloat'
F:\Uni\Uni\2020-SGI\Practicas\Pract9\Source.cpp(20,33): warning C4305: 'inicializando': truncamiento de 'double' a 'float'
F:\Uni\Uni\2020-SGI\Practicas\Pract9\Source.cpp(21,31): warning C4305: 'inicializando': truncamiento de 'double' a 'float'
F:\Uni\Uni\2020-SGI\Practicas\Pract9\Source.cpp(22,24): warning C4305: 'inicializando': truncamiento de 'double' a 'float'
F:\Uni\Uni\2020-SGI\Practicas\Pract9\Source.cpp(29,43): warning C4305: 'inicializando': truncamiento de 'double' a 'GLfloat'
F:\Uni\Uni\2020-SGI\Practicas\Pract9\Source.cpp(30,46): warning C4305: 'inicializando': truncamiento de 'double' a 'GLfloat'
F:\Uni\Uni\2020-SGI\Practicas\Pract9\Source.cpp(35,33): warning C4244: 'return': conversión de 'double' a 'float'; posible pérdida de datos
F:\Uni\Uni\2020-SGI\Practicas\Pract9\Source.cpp(39,62): warning C4244: 'return': conversión de 'double' a 'float'; posible pérdida de datos
F:\Uni\Uni\2020-SGI\Practicas\Pract9\Source.cpp(49,16): warning C4244: 'argumento': conversión de 'double' a 'GLfloat'; posible pérdida de datos
F:\Uni\Uni\2020-SGI\Practicas\Pract9\Source.cpp(178,23): warning C4244: 'argumento': conversión de 'double' a 'GLfloat'; posible pérdida de datos
F:\Uni\Uni\2020-SGI\Practicas\Pract9\Source.cpp(197,23): warning C4244: 'argumento': conversión de 'double' a 'GLfloat'; posible pérdida de datos
F:\Uni\Uni\2020-SGI\Practicas\Pract9\Source.cpp(206,15): warning C4244: 'inicializando': conversión de 'double' a 'float'; posible pérdida de datos
F:\Uni\Uni\2020-SGI\Practicas\Pract9\Source.cpp(298,24): warning C4838: la conversión de 'double' en 'GLfloat' requiere una conversión de restricción
F:\Uni\Uni\2020-SGI\Practicas\Pract9\Source.cpp(298,24): warning C4244: 'inicializando': conversión de 'double' a 'GLfloat'; posible pérdida de datos
F:\Uni\Uni\2020-SGI\Practicas\Pract9\Source.cpp(298,44): warning C4305: 'inicializando': truncamiento de 'double' a 'GLfloat'
F:\Uni\Uni\2020-SGI\Practicas\Pract9\Source.cpp(298,40): warning C4838: la conversión de 'double' en 'GLfloat' requiere una conversión de restricción
F:\Uni\Uni\2020-SGI\Practicas\Pract9\Source.cpp(298,40): warning C4244: 'inicializando': conversión de 'double' a 'GLfloat'; posible pérdida de datos
F:\Uni\Uni\2020-SGI\Practicas\Pract9\Source.cpp(298,61): warning C4838: la conversión de 'double' en 'GLfloat' requiere una conversión de restricción
F:\Uni\Uni\2020-SGI\Practicas\Pract9\Source.cpp(298,61): warning C4244: 'inicializando': conversión de 'double' a 'GLfloat'; posible pérdida de datos
F:\Uni\Uni\2020-SGI\Practicas\Pract9\Source.cpp(298,80): warning C4305: 'inicializando': truncamiento de 'double' a 'GLfloat'
F:\Uni\Uni\2020-SGI\Practicas\Pract9\Source.cpp(298,76): warning C4838: la conversión de 'double' en 'GLfloat' requiere una conversión de restricción
F:\Uni\Uni\2020-SGI\Practicas\Pract9\Source.cpp(298,76): warning C4244: 'inicializando': conversión de 'double' a 'GLfloat'; posible pérdida de datos
F:\Uni\Uni\2020-SGI\Practicas\Pract9\Source.cpp(298,98): warning C4838: la conversión de 'double' en 'GLfloat' requiere una conversión de restricción
F:\Uni\Uni\2020-SGI\Practicas\Pract9\Source.cpp(298,98): warning C4244: 'inicializando': conversión de 'double' a 'GLfloat'; posible pérdida de datos
F:\Uni\Uni\2020-SGI\Practicas\Pract9\Source.cpp(298,117): warning C4305: 'inicializando': truncamiento de 'double' a 'GLfloat'
F:\Uni\Uni\2020-SGI\Practicas\Pract9\Source.cpp(298,113): warning C4838: la conversión de 'double' en 'GLfloat' requiere una conversión de restricción
F:\Uni\Uni\2020-SGI\Practicas\Pract9\Source.cpp(298,113): warning C4244: 'inicializando': conversión de 'double' a 'GLfloat'; posible pérdida de datos
F:\Uni\Uni\2020-SGI\Practicas\Pract9\Source.cpp(298,135): warning C4838: la conversión de 'double' en 'GLfloat' requiere una conversión de restricción
F:\Uni\Uni\2020-SGI\Practicas\Pract9\Source.cpp(298,135): warning C4244: 'inicializando': conversión de 'double' a 'GLfloat'; posible pérdida de datos
F:\Uni\Uni\2020-SGI\Practicas\Pract9\Source.cpp(298,155): warning C4305: 'inicializando': truncamiento de 'double' a 'GLfloat'
F:\Uni\Uni\2020-SGI\Practicas\Pract9\Source.cpp(298,151): warning C4838: la conversión de 'double' en 'GLfloat' requiere una conversión de restricción
F:\Uni\Uni\2020-SGI\Practicas\Pract9\Source.cpp(298,151): warning C4244: 'inicializando': conversión de 'double' a 'GLfloat'; posible pérdida de datos
F:\Uni\Uni\2020-SGI\Practicas\Pract9\Source.cpp(306,27): warning C4305: 'inicializando': truncamiento de 'double' a 'float'
F:\Uni\Uni\2020-SGI\Practicas\Pract9\Source.cpp(307,35): warning C4838: la conversión de 'double' en 'GLfloat' requiere una conversión de restricción
F:\Uni\Uni\2020-SGI\Practicas\Pract9\Source.cpp(307,35): warning C4244: 'inicializando': conversión de 'double' a 'GLfloat'; posible pérdida de datos
F:\Uni\Uni\2020-SGI\Practicas\Pract9\Source.cpp(307,57): warning C4838: la conversión de 'double' en 'GLfloat' requiere una conversión de restricción
F:\Uni\Uni\2020-SGI\Practicas\Pract9\Source.cpp(307,57): warning C4244: 'inicializando': conversión de 'double' a 'GLfloat'; posible pérdida de datos
F:\Uni\Uni\2020-SGI\Practicas\Pract9\Source.cpp(308,35): warning C4838: la conversión de 'double' en 'GLfloat' requiere una conversión de restricción
F:\Uni\Uni\2020-SGI\Practicas\Pract9\Source.cpp(308,35): warning C4244: 'inicializando': conversión de 'double' a 'GLfloat'; posible pérdida de datos
F:\Uni\Uni\2020-SGI\Practicas\Pract9\Source.cpp(308,57): warning C4838: la conversión de 'double' en 'GLfloat' requiere una conversión de restricción
F:\Uni\Uni\2020-SGI\Practicas\Pract9\Source.cpp(308,57): warning C4244: 'inicializando': conversión de 'double' a 'GLfloat'; posible pérdida de datos
F:\Uni\Uni\2020-SGI\Practicas\Pract9\Source.cpp(312,34): warning C4244: '=': conversión de 'double' a 'GLfloat'; posible pérdida de datos
F:\Uni\Uni\2020-SGI\Practicas\Pract9\Source.cpp(314,35): warning C4244: '=': conversión de 'double' a 'GLfloat'; posible pérdida de datos
F:\Uni\Uni\2020-SGI\Practicas\Pract9\Source.cpp(315,34): warning C4244: '=': conversión de 'double' a 'GLfloat'; posible pérdida de datos
F:\Uni\Uni\2020-SGI\Practicas\Pract9\Source.cpp(317,35): warning C4244: '=': conversión de 'double' a 'GLfloat'; posible pérdida de datos
F:\Uni\Uni\2020-SGI\Practicas\Pract9\Source.cpp(320,68): warning C4244: 'argumento': conversión de 'double' a 'GLfloat'; posible pérdida de datos
F:\Uni\Uni\2020-SGI\Practicas\Pract9\Source.cpp(320,46): warning C4244: 'argumento': conversión de 'double' a 'GLfloat'; posible pérdida de datos
F:\Uni\Uni\2020-SGI\Practicas\Pract9\Source.cpp(346,30): warning C4305: 'argumento': truncamiento de 'double' a 'GLfloat'
F:\Uni\Uni\2020-SGI\Practicas\Pract9\Source.cpp(361,40): warning C4305: 'inicializando': truncamiento de 'double' a 'GLfloat'
  Generando código
  2 of 39 functions ( 5.1%) were compiled, the rest were copied from previous compilation.
    0 functions were new in current compilation
    0 functions had inline decision re-evaluated but remain unchanged
  Generación de código finalizada
  Pract9.vcxproj -> F:\Uni\Uni\2020-SGI\Practicas\Pract9\Pract9.exe
