  alpha Ks dv-err
------- --- ------
 It          oL           L  errX  errY
--- ----------- ----------- ----- -----
  1        -Inf -2624299.80340 19.15 19.65
  2 -2624299.80340 -1359946.98478 19.15 19.65
  3 -1359946.98478 -1359946.98478 19.15 19.65
1.0e-09   1 19.650
 It          oL           L  errX  errY
--- ----------- ----------- ----- -----
  1        -Inf -2621029.98530 19.07 19.55
  2 -2621029.98530 -1358123.96314 19.07 19.55
  3 -1358123.96314 -1358123.96314 19.07 19.55
1.0e-08   1 19.550
 It          oL           L  errX  errY
--- ----------- ----------- ----- -----
  1        -Inf -2589276.51599 18.29 18.93
  2 -2589276.51599 -1340444.96562 18.29 18.93
  3 -1340444.96562 -1340444.96562 18.29 18.93
1.0e-07   1 18.933
 It          oL           L  errX  errY
--- ----------- ----------- ----- -----
  1        -Inf -2340490.89003 13.42 14.08
  2 -2340490.89003 -1203490.99307 13.42 14.08
  3 -1203490.99307 -1203490.99307 13.42 14.08
1.0e-06   1 14.083
 It          oL           L  errX  errY
--- ----------- ----------- ----- -----
  1        -Inf -1504209.90133  5.60  6.32
  2 -1504209.90133 -761413.95958  5.60  6.32
  3 -761413.95958 -761413.95958  5.60  6.32
1.0e-05   1  6.317
 It          oL           L  errX  errY
--- ----------- ----------- ----- -----
  1        -Inf -620842.17812  3.92  4.27
  2 -620842.17812 -313498.91244  3.92  4.27
  3 -313498.91244 -313498.91244  3.92  4.27
1.0e-04   1  4.267
 It          oL           L  errX  errY
--- ----------- ----------- ----- -----
  1        -Inf -179276.08786  5.11  6.38
  2 -179276.08786 -91071.29658  5.11  6.38
  3 -91071.29658 -91071.29658  5.11  6.38
1.0e-03   1  6.383
 It          oL           L  errX  errY
--- ----------- ----------- ----- -----
  1        -Inf -34803.66877  7.59 10.00
  2 -34803.66877 -18249.92363  7.59 10.00
  3 -18249.92363 -18249.92363  7.59 10.00
1.0e-02   1 10.000
 It          oL           L  errX  errY
--- ----------- ----------- ----- -----
  1        -Inf -6071.40765  8.90 11.97
  2 -6071.40765 -3917.89624  8.90 11.97
  3 -3917.89624 -3917.89624  8.90 11.97
1.0e-01   1 11.967
 It          oL           L  errX  errY
--- ----------- ----------- ----- -----
  1        -Inf -2468.51501 14.71 18.68
  2 -2468.51501 -2189.81792 14.71 18.68
  3 -2189.81792 -2189.81792 14.71 18.68
9.0e-01   1 18.683